0 info it worked if it ends with ok
1 verbose cli [ '/usr/bin/node', '/usr/bin/npm', 'publish' ]
2 info using npm@3.5.2
3 info using node@v8.10.0
4 verbose publish [ '.' ]
5 silly cache add args [ '.', null ]
6 verbose cache add spec .
7 silly cache add parsed spec Result {
7 silly cache add   raw: '.',
7 silly cache add   scope: null,
7 silly cache add   name: null,
7 silly cache add   rawSpec: '.',
7 silly cache add   spec: '/home/playcarri/Escritorio/login-nodejs',
7 silly cache add   type: 'directory' }
8 verbose addLocalDirectory /home/playcarri/.npm/login-nodejs/1.0.0/package.tgz not in flight; packing
9 info lifecycle login-nodejs@1.0.0~prepublish: login-nodejs@1.0.0
10 silly lifecycle login-nodejs@1.0.0~prepublish: no script for prepublish, continuing
11 verbose tar pack [ '/home/playcarri/.npm/login-nodejs/1.0.0/package.tgz',
11 verbose tar pack   '/home/playcarri/Escritorio/login-nodejs' ]
12 verbose tarball /home/playcarri/.npm/login-nodejs/1.0.0/package.tgz
13 verbose folder /home/playcarri/Escritorio/login-nodejs
14 verbose addLocalTarball adding from inside cache /home/playcarri/.npm/login-nodejs/1.0.0/package.tgz
15 silly cache afterAdd login-nodejs@1.0.0
16 verbose afterAdd /home/playcarri/.npm/login-nodejs/1.0.0/package/package.json not in flight; writing
17 verbose afterAdd /home/playcarri/.npm/login-nodejs/1.0.0/package/package.json written
18 silly publish { name: 'login-nodejs',
18 silly publish   version: '1.0.0',
18 silly publish   description: '',
18 silly publish   private: true,
18 silly publish   main: 'index.js',
18 silly publish   scripts: { start: 'node src/server.js', dev: 'nodemon src/server.js ' },
18 silly publish   keywords: [],
18 silly publish   author: { name: 'Bryan Carrillo' },
18 silly publish   license: 'ISC',
18 silly publish   dependencies:
18 silly publish    { 'bcrypt-nodejs': '^0.0.3',
18 silly publish      'body-parser': '^1.19.0',
18 silly publish      'connect-flash': '^0.1.1',
18 silly publish      'cookie-parser': '^1.4.5',
18 silly publish      'css-loader': '^2.1.1',
18 silly publish      ejs: '^3.1.3',
18 silly publish      express: '^4.17.1',
18 silly publish      mongodb: '3.6.2',
18 silly publish      'jquery-ui': '^1.12.1',
18 silly publish      'express-session': '^1.17.1',
18 silly publish      morgan: '^1.10.0',
18 silly publish      passport: '^0.4.1',
18 silly publish      react: '^16.13.1',
18 silly publish      'react-dom': '^16.13.1',
18 silly publish      'passport-local': '^1.0.0',
18 silly publish      path: '^0.12.7' },
18 silly publish   devDependencies:
18 silly publish    { '@babel/cli': '^7.10.5',
18 silly publish      '@babel/core': '^7.10.5',
18 silly publish      '@babel/plugin-proposal-class-properties': '^7.10.4',
18 silly publish      '@babel/plugin-transform-runtime': '^7.10.5',
18 silly publish      '@babel/preset-env': '^7.10.4',
18 silly publish      '@babel/preset-react': '^7.10.4',
18 silly publish      '@babel/runtime': '^7.10.5',
18 silly publish      'babel-loader': '^8.1.0',
18 silly publish      'clean-webpack-plugin': '^3.0.0',
18 silly publish      'html-webpack-plugin': '^4.5.0',
18 silly publish      nodemon: '^2.0.4',
18 silly publish      'style-loader': '^2.0.0',
18 silly publish      webpack: '^4.44.0',
18 silly publish      'webpack-cli': '^3.3.12' },
18 silly publish   gitHead: '6765b49922ee3bdc10b4747001ccbe8498fc86b3',
18 silly publish   readme: 'ERROR: No README data found!',
18 silly publish   _id: 'login-nodejs@1.0.0',
18 silly publish   _shasum: 'c679c7206e89072a76abf797e300ba4aeb04215d',
18 silly publish   _from: '.' }
19 verbose getPublishConfig undefined
20 verbose stack Error: This package has been marked as private
20 verbose stack Remove the 'private' field from the package.json to publish it.
20 verbose stack     at publish_ (/usr/share/npm/lib/publish.js:100:15)
20 verbose stack     at Array.<anonymous> (/usr/share/npm/node_modules/slide/lib/bind-actor.js:15:8)
20 verbose stack     at LOOP (/usr/share/npm/node_modules/slide/lib/chain.js:15:14)
20 verbose stack     at LOOP (/usr/share/npm/node_modules/slide/lib/chain.js:14:28)
20 verbose stack     at chain (/usr/share/npm/node_modules/slide/lib/chain.js:20:5)
20 verbose stack     at /usr/share/npm/lib/publish.js:72:5
20 verbose stack     at RES (/usr/share/npm/node_modules/inflight/inflight.js:23:14)
20 verbose stack     at f (/usr/share/npm/node_modules/once/once.js:17:25)
20 verbose stack     at /usr/share/npm/lib/cache.js:361:16
20 verbose stack     at /usr/share/npm/node_modules/write-file-atomic/index.js:29:9
21 verbose cwd /home/playcarri/Escritorio/login-nodejs
22 error Linux 4.15.0-54-generic
23 error argv "/usr/bin/node" "/usr/bin/npm" "publish"
24 error node v8.10.0
25 error npm  v3.5.2
26 error This package has been marked as private
26 error Remove the 'private' field from the package.json to publish it.
27 error If you need help, you may report this error at:
27 error     <https://github.com/npm/npm/issues>
28 verbose exit [ 1, true ]
